<?xml version="1.0" encoding="UTF-8"?>
<testng-results ignored="0" total="1" passed="1" failed="0" skipped="0">
  <reporter-output>
  </reporter-output>
  <suite started-at="2021-10-23T09:35:25Z" name="Banking" finished-at="2021-10-23T09:35:39Z" duration-ms="13953">
    <groups>
    </groups>
    <test started-at="2021-10-23T09:35:25Z" name="BankingApp Test" finished-at="2021-10-23T09:35:39Z" duration-ms="13953">
      <class name="TestCases.AddCustTC">
        <test-method is-config="true" signature="setup(java.lang.String)[pri:0, instance:TestCases.AddCustTC@ba54932]" started-at="2021-10-23T09:35:25Z" name="setup" finished-at="2021-10-23T09:35:29Z" duration-ms="3664" status="PASS">
          <params>
            <param index="0">
              <value>
                <![CDATA[edge]]>
              </value>
            </param>
          </params>
          <reporter-output>
          </reporter-output>
        </test-method> <!-- setup -->
        <test-method signature="addNewCust()[pri:0, instance:TestCases.AddCustTC@ba54932]" started-at="2021-10-23T09:35:29Z" name="addNewCust" finished-at="2021-10-23T09:35:39Z" duration-ms="9925" status="PASS">
          <reporter-output>
          </reporter-output>
        </test-method> <!-- addNewCust -->
        <test-method is-config="true" signature="tearDown()[pri:0, instance:TestCases.AddCustTC@ba54932]" started-at="2021-10-23T09:35:39Z" name="tearDown" finished-at="2021-10-23T09:35:39Z" duration-ms="204" status="PASS">
          <reporter-output>
          </reporter-output>
        </test-method> <!-- tearDown -->
      </class> <!-- TestCases.AddCustTC -->
    </test> <!-- BankingApp Test -->
  </suite> <!-- Banking -->
</testng-results>
