<?xml version="1.0" encoding="UTF-8"?>
<testng-results ignored="0" total="1" passed="1" failed="0" skipped="0">
  <reporter-output>
  </reporter-output>
  <suite started-at="2021-10-14T09:49:17Z" name="Banking" finished-at="2021-10-14T09:49:23Z" duration-ms="5383">
    <groups>
    </groups>
    <test started-at="2021-10-14T09:49:17Z" name="BankingApp Test" finished-at="2021-10-14T09:49:23Z" duration-ms="5383">
      <class name="TestCases.LoginTC">
        <test-method is-config="true" signature="setup(java.lang.String)[pri:0, instance:TestCases.LoginTC@ba54932]" started-at="2021-10-14T09:49:17Z" name="setup" finished-at="2021-10-14T09:49:21Z" duration-ms="3929" status="PASS">
          <params>
            <param index="0">
              <value>
                <![CDATA[chrome]]>
              </value>
            </param>
          </params>
          <reporter-output>
          </reporter-output>
        </test-method> <!-- setup -->
        <test-method signature="loginTest()[pri:0, instance:TestCases.LoginTC@ba54932]" started-at="2021-10-14T09:49:21Z" name="loginTest" finished-at="2021-10-14T09:49:23Z" duration-ms="1241" status="PASS">
          <reporter-output>
          </reporter-output>
        </test-method> <!-- loginTest -->
        <test-method is-config="true" signature="tearDown()[pri:0, instance:TestCases.LoginTC@ba54932]" started-at="2021-10-14T09:49:23Z" name="tearDown" finished-at="2021-10-14T09:49:23Z" duration-ms="61" status="PASS">
          <reporter-output>
          </reporter-output>
        </test-method> <!-- tearDown -->
      </class> <!-- TestCases.LoginTC -->
    </test> <!-- BankingApp Test -->
  </suite> <!-- Banking -->
</testng-results>
